<?xml version="1.0" encoding="UTF-8"?>
<!-- Generated by org.testng.reporters.JUnitXMLReporter -->
<testsuite hostname="LAPTOP-PIU79BCM" ignored="4" name="Default test(failed)" tests="4" failures="1" timestamp="2023-09-23T10:24:30 IST" time="0.047" errors="0">
  <testcase name="deleteLead" time="0.007" classname="retryAndListenner.LearnRetry">
    <skipped/>
  </testcase> <!-- deleteLead -->
  <testcase name="deleteLead" time="0.001" classname="retryAndListenner.LearnRetry">
    <skipped/>
  </testcase> <!-- deleteLead -->
  <testcase name="deleteLead" time="0.001" classname="retryAndListenner.LearnRetry">
    <skipped/>
  </testcase> <!-- deleteLead -->
  <testcase name="deleteLead" time="0.0" classname="retryAndListenner.LearnRetry">
    <failure type="java.util.NoSuchElementException">
      <![CDATA[java.util.NoSuchElementException
at retryAndListenner.LearnRetry.deleteLead(LearnRetry.java:25)
at java.util.ArrayList.forEach(Unknown Source)
... Removed 27 stack frames]]>
    </failure>
  </testcase> <!-- deleteLead -->
  <testcase name="duplicateLead" time="0.0" classname="retryAndListenner.LearnRetry">
    <ignored/>
  </testcase> <!-- duplicateLead -->
  <testcase name="mergeLead" time="0.0" classname="retryAndListenner.LearnRetry">
    <ignored/>
  </testcase> <!-- mergeLead -->
  <testcase name="createLead" time="0.0" classname="retryAndListenner.LearnRetry">
    <ignored/>
  </testcase> <!-- createLead -->
  <testcase name="editLead" time="0.0" classname="retryAndListenner.LearnRetry">
    <ignored/>
  </testcase> <!-- editLead -->
</testsuite> <!-- Default test(failed) -->
