<?xml version="1.0" encoding="UTF-8"?>
<!-- Generated by org.testng.reporters.JUnitXMLReporter -->
<testsuite hostname="LAPTOP-PIU79BCM" ignored="0" name="Other Module" tests="3" failures="0" timestamp="2023-09-24T02:19:13 IST" time="79.443" errors="0">
  <testcase name="mergeLeadTestCase05" time="29.51" classname="assignment.week6.day1.MergeLead"/>
  <testcase name="duplicateLeadTestCase03" time="14.432" classname="assignment.week6.day1.DuplicateLead"/>
  <testcase name="deleteLeadTestCase04" time="14.889" classname="assignment.week6.day1.DeleteLead"/>
</testsuite> <!-- Other Module -->
