<?xml version="1.0" encoding="UTF-8"?>
<!-- Generated by org.testng.reporters.JUnitXMLReporter -->
<testsuite hostname="LAPTOP-PIU79BCM" ignored="0" name="CreateandUpdate Module" tests="2" failures="0" timestamp="2023-09-17T23:51:51 IST" time="36.316" errors="0">
  <testcase name="createLeadTestCase01" time="4.844" classname="assignment.week5.day2.CreateLead"/>
  <testcase name="editLeadTestCase02" time="12.398" classname="assignment.week5.day2.EditLead"/>
</testsuite> <!-- CreateandUpdate Module -->
