<?xml version="1.0" encoding="UTF-8"?>
<!-- Generated by org.testng.reporters.JUnitXMLReporter -->
<testsuite hostname="LAPTOP-PIU79BCM" ignored="0" name="Other Module" tests="3" failures="0" timestamp="2023-09-17T23:52:32 IST" time="77.662" errors="0">
  <testcase name="duplicateLeadTestCase03" time="14.446" classname="assignment.week5.day2.DuplicateLead"/>
  <testcase name="deleteLeadTestCase04" time="14.156" classname="assignment.week5.day2.DeleteLead"/>
  <testcase name="mergeLeadTestCase05" time="21.025" classname="assignment.week5.day2.MergeLead"/>
</testsuite> <!-- Other Module -->
