<?xml version="1.0" encoding="UTF-8"?>
<!-- Generated by org.testng.reporters.JUnitXMLReporter -->
<testsuite hostname="LAPTOP-PIU79BCM" ignored="0" name="Create and Edit Module" tests="6" failures="0" timestamp="2023-09-23T18:52:39 IST" time="118.711" errors="0">
  <testcase name="createLeadTestCase01" time="4.739" classname="week6.day1.CreateLead"/>
  <testcase name="createLeadTestCase01" time="4.842" classname="week6.day1.CreateLead"/>
  <testcase name="createLeadTestCase01" time="4.892" classname="week6.day1.CreateLead"/>
  <testcase name="editLeadTestCase02" time="14.766" classname="week6.day1.EditLead"/>
  <testcase name="editLeadTestCase02" time="13.479" classname="week6.day1.EditLead"/>
  <testcase name="editLeadTestCase02" time="13.545" classname="week6.day1.EditLead"/>
</testsuite> <!-- Create and Edit Module -->
