<?xml version="1.0" encoding="UTF-8"?>
<!-- Generated by org.testng.reporters.JUnitXMLReporter -->
<testsuite hostname="LAPTOP-PIU79BCM" ignored="0" name="Create and Edit" tests="10" failures="0" timestamp="2023-09-21T20:56:30 IST" time="165.559" errors="0">
  <testcase name="createLeadTestCase01" time="9.053" classname="LearnExcel.CreateLead"/>
  <testcase name="createLeadTestCase01" time="8.691" classname="LearnExcel.CreateLead"/>
  <testcase name="createLeadTestCase01" time="8.37" classname="LearnExcel.CreateLead"/>
  <testcase name="createLeadTestCase01" time="9.89" classname="LearnExcel.CreateLead"/>
  <testcase name="createLeadTestCase01" time="8.928" classname="LearnExcel.CreateLead"/>
  <testcase name="createLeadTestCase01" time="10.636" classname="LearnExcel.CreateLead"/>
  <testcase name="createLeadTestCase01" time="9.439" classname="LearnExcel.CreateLead"/>
  <testcase name="createLeadTestCase01" time="10.169" classname="LearnExcel.CreateLead"/>
  <testcase name="createLeadTestCase01" time="10.014" classname="LearnExcel.CreateLead"/>
  <testcase name="createLeadTestCase01" time="8.89" classname="LearnExcel.CreateLead"/>
</testsuite> <!-- Create and Edit -->
