<?xml version="1.0" encoding="UTF-8"?>
<!-- Generated by org.testng.reporters.JUnitXMLReporter -->
<testsuite hostname="LAPTOP-PIU79BCM" ignored="0" name="Other Module" tests="3" failures="0" timestamp="2023-09-23T15:50:59 IST" time="82.463" errors="0">
  <testcase name="duplicateLeadTestCase03" time="15.159" classname="week6.day1.DuplicateLead"/>
  <testcase name="deleteLeadTestCase04" time="14.647" classname="week6.day1.DeleteLead"/>
  <testcase name="mergeLeadTestCase05" time="28.343" classname="week6.day1.MergeLead"/>
</testsuite> <!-- Other Module -->
