<?xml version="1.0" encoding="UTF-8"?>
<!-- Generated by org.testng.reporters.JUnitXMLReporter -->
<testsuite hostname="LAPTOP-PIU79BCM" ignored="0" name="Test" tests="4" failures="0" timestamp="2023-09-17T16:03:39 IST" time="59.213" errors="0">
  <testcase name="mergeLeadTestCase" time="22.023" classname="week5.day1.testcase.MergeLead"/>
  <testcase name="createLeadTestCase" time="12.728" classname="week5.day1.testcase.CreateLead"/>
  <testcase name="deleteLeadTestCase" time="12.504" classname="week5.day1.testcase.DeleteLead"/>
  <testcase name="editLeadTestCase" time="11.92" classname="week5.day1.testcase.EditLead"/>
</testsuite> <!-- Test -->
