<?xml version="1.0" encoding="UTF-8"?>
<!-- Generated by org.testng.reporters.JUnitXMLReporter -->
<testsuite hostname="LAPTOP-PIU79BCM" ignored="4" name="Default test(failed)(failed)" tests="1" failures="0" timestamp="2023-09-23T10:24:59 IST" time="0.041" errors="0">
  <testcase name="deleteLead" time="0.008" classname="retryAndListenner.LearnRetry"/>
  <testcase name="duplicateLead" time="0.0" classname="retryAndListenner.LearnRetry">
    <ignored/>
  </testcase> <!-- duplicateLead -->
  <testcase name="mergeLead" time="0.0" classname="retryAndListenner.LearnRetry">
    <ignored/>
  </testcase> <!-- mergeLead -->
  <testcase name="createLead" time="0.0" classname="retryAndListenner.LearnRetry">
    <ignored/>
  </testcase> <!-- createLead -->
  <testcase name="editLead" time="0.0" classname="retryAndListenner.LearnRetry">
    <ignored/>
  </testcase> <!-- editLead -->
</testsuite> <!-- Default test(failed)(failed) -->
